<?xml version="1.0" encoding="UTF-8"?>
<!-- Generated by org.testng.reporters.JUnitReportReporter -->
<testsuite skipped="0" hostname="SBPC" name="runner.TestRunner" tests="1" failures="0" timestamp="2023-09-18T23:47:35 BST" time="32.834" errors="0">
  <testcase name="runScenario" time="32.834" classname="runner.TestRunner"/>
  <system-out/>
</testsuite> <!-- runner.TestRunner -->
